d:\burger\127\framework\client\default\x64\debug\client.pch
d:\burger\127\framework\client\default\x64\debug\vc140.pdb
d:\burger\127\framework\client\default\x64\debug\vc140.idb
d:\burger\127\framework\client\default\x64\debug\stdafx.obj
d:\burger\127\framework\client\default\x64\debug\client.obj
d:\burger\127\framework\client\default\x64\debug\mainapp.obj
d:\burger\127\framework\client\default\x64\debug\level_logo.obj
d:\burger\127\framework\client\default\x64\debug\level_gameplay.obj
d:\burger\127\framework\client\default\x64\debug\level_loading.obj
d:\burger\127\framework\client\default\x64\debug\loader.obj
d:\burger\127\framework\client\default\x64\debug\background.obj
d:\burger\127\framework\client\bin\client.ilk
d:\burger\127\framework\client\bin\client.exe
d:\burger\127\framework\client\bin\client.pdb
d:\burger\127\framework\client\default\x64\debug\client.res
d:\burger\127\framework\client\default\..\bin\client.exe
d:\burger\127\framework\client\default\x64\debug\client.tlog\cl.command.1.tlog
d:\burger\127\framework\client\default\x64\debug\client.tlog\cl.read.1.tlog
d:\burger\127\framework\client\default\x64\debug\client.tlog\cl.write.1.tlog
d:\burger\127\framework\client\default\x64\debug\client.tlog\link.command.1.tlog
d:\burger\127\framework\client\default\x64\debug\client.tlog\link.read.1.tlog
d:\burger\127\framework\client\default\x64\debug\client.tlog\link.write.1.tlog
d:\burger\127\framework\client\default\x64\debug\client.tlog\rc.command.1.tlog
d:\burger\127\framework\client\default\x64\debug\client.tlog\rc.read.1.tlog
d:\burger\127\framework\client\default\x64\debug\client.tlog\rc.write.1.tlog
