c:\users\khk\desktop\취업\쥬신\5개월 sr2\jusin\delver_tool\tool\default\x64\debug\vc140.pdb
c:\users\khk\desktop\취업\쥬신\5개월 sr2\jusin\delver_tool\tool\default\x64\debug\vc140.idb
c:\users\khk\desktop\취업\쥬신\5개월 sr2\jusin\delver_tool\tool\default\x64\debug\imgui_manager.obj
c:\users\khk\desktop\취업\쥬신\5개월 sr2\jusin\delver_tool\tool\default\x64\debug\maintool.obj
c:\users\khk\desktop\취업\쥬신\5개월 sr2\jusin\delver_tool\tool\default\x64\debug\imgui.obj
c:\users\khk\desktop\취업\쥬신\5개월 sr2\jusin\delver_tool\tool\default\x64\debug\imgui_demo.obj
c:\users\khk\desktop\취업\쥬신\5개월 sr2\jusin\delver_tool\tool\default\x64\debug\imgui_draw.obj
c:\users\khk\desktop\취업\쥬신\5개월 sr2\jusin\delver_tool\tool\default\x64\debug\imgui_impl_dx9.obj
c:\users\khk\desktop\취업\쥬신\5개월 sr2\jusin\delver_tool\tool\default\x64\debug\imgui_impl_win32.obj
c:\users\khk\desktop\취업\쥬신\5개월 sr2\jusin\delver_tool\tool\default\x64\debug\imgui_tables.obj
c:\users\khk\desktop\취업\쥬신\5개월 sr2\jusin\delver_tool\tool\default\x64\debug\imgui_widgets.obj
c:\users\khk\desktop\취업\쥬신\5개월 sr2\jusin\delver_tool\tool\default\x64\debug\main.obj
c:\users\khk\desktop\취업\쥬신\5개월 sr2\jusin\delver_tool\tool\bin\tool.ilk
c:\users\khk\desktop\취업\쥬신\5개월 sr2\jusin\delver_tool\tool\bin\tool.exe
c:\users\khk\desktop\취업\쥬신\5개월 sr2\jusin\delver_tool\tool\bin\tool.pdb
c:\users\khk\desktop\취업\쥬신\5개월 sr2\jusin\delver_tool\tool\default\..\bin\tool.exe
c:\users\khk\desktop\취업\쥬신\5개월 sr2\jusin\delver_tool\tool\default\x64\debug\tool.tlog\cl.command.1.tlog
c:\users\khk\desktop\취업\쥬신\5개월 sr2\jusin\delver_tool\tool\default\x64\debug\tool.tlog\cl.read.1.tlog
c:\users\khk\desktop\취업\쥬신\5개월 sr2\jusin\delver_tool\tool\default\x64\debug\tool.tlog\cl.write.1.tlog
c:\users\khk\desktop\취업\쥬신\5개월 sr2\jusin\delver_tool\tool\default\x64\debug\tool.tlog\link.command.1.tlog
c:\users\khk\desktop\취업\쥬신\5개월 sr2\jusin\delver_tool\tool\default\x64\debug\tool.tlog\link.read.1.tlog
c:\users\khk\desktop\취업\쥬신\5개월 sr2\jusin\delver_tool\tool\default\x64\debug\tool.tlog\link.write.1.tlog
